2025-10-27 16:38:47.748 xcodebuild[16357:18196503]  DVTFilePathFSEvents: Failed to start fs event stream.
2025-10-27 16:38:48.185 xcodebuild[16357:18196498] [MT] DVTDeveloperPaths: Failed to get length of DARWIN_USER_CACHE_DIR from confstr(3), error = Error Domain=NSPOSIXErrorDomain Code=5 "Input/output error". Using NSCachesDirectory instead.
2025-10-27 16:38:48.771 xcodebuild[16357:18196502] CoreSimulatorService connection became invalid.  Simulator services will no longer be available.
2025-10-27 16:38:48.772 xcodebuild[16357:18196502] Logging connecton invalid: <OS_xpc_error: <dictionary: 0x20ac6b730> { count = 1, transaction: 0, voucher = 0x0, contents =
	"XPCErrorDescription" => <string: 0x20ac6b878> { length = 18, contents = "Connection invalid" }
}>
2025-10-27 16:38:48.772 xcodebuild[16357:18196581] Error opening log file (/Users/darius/Library/Logs/CoreSimulator/CoreSimulator.com.apple.dt.xcodebuild.log): Operation not permitted
[-[SimServiceContext sendRequest:]:1743] ERROR : Unable to deliver request ({
    "developer_dir" = "/Applications/Xcode.app/Contents/Developer";
    request = "set_developer_dir";
}) because we are not connected to CoreSimulatorService.
Command line invocation:
    /Applications/Xcode.app/Contents/Developer/usr/bin/xcodebuild -project Dayflow/Dayflow.xcodeproj -scheme FocusLock -configuration Debug build

2025-10-27 16:38:48.868 xcodebuild[16357:18196498] [MT] DVTAssertions: Warning in DVTFrameworks/DVTFoundation/FileTypes/DVTFileDataTypeDetection.m:75
Details:  detectedTypeIdentifier (com.apple.binary-property-list) does not conform to matchedTypeIdentifier in MagicFileDataTypeDetector extenson com.apple.property-list.  When both are specified, this conformance is required. extension.identifier:Xcode.MagicFileDataTypeDetector.BinaryPlist
Object:   <DVTFileDataTypeDetectionMagicCache: 0x110a0a440>
Method:   -initWithExtension:
Thread:   <_NSMainThread: 0x151805840>{number = 1, name = main}
Please file a bug at https://feedbackassistant.apple.com with this warning message and any useful information you can provide.
2025-10-27 16:38:48.871 xcodebuild[16357:18196498] [MT] DVTAssertions: Warning in DVTFrameworks/DVTFoundation/FileTypes/DVTFileDataTypeDetection.m:75
Details:  detectedTypeIdentifier (com.apple.xml-property-list) does not conform to matchedTypeIdentifier in MagicFileDataTypeDetector extenson com.apple.property-list.  When both are specified, this conformance is required. extension.identifier:Xcode.MagicFileDataTypeDetector.XMLPlist
Object:   <DVTFileDataTypeDetectionMagicCache: 0x1108787f0>
Method:   -initWithExtension:
Thread:   <_NSMainThread: 0x151805840>{number = 1, name = main}
Please file a bug at https://feedbackassistant.apple.com with this warning message and any useful information you can provide.
[-[SimServiceContext initWithDeveloperDir:connectionType:error:]:450] WARN  : Unable to discover any Simulator runtimes. Developer Directory is /Applications/Xcode.app/Contents/Developer.
[-[SimDiskImageManager init]:148] ERROR : Could not kickstart simdiskimaged; SimDiskImageManager services will not be available: Error Domain=NSPOSIXErrorDomain Code=53 "Software caused connection abort" UserInfo={NSLocalizedDescription=Error returned in reply from CoreSimulatorService: Connection invalid}
[-[SimDiskImageManager _onQueue_checkConnection:]:212] ERROR : simdiskimaged returned error (invalid), marking disconnected.
[-[SimDiskImageManager _onQueue_checkConnection:]:212] ERROR : simdiskimaged returned error (invalid), marking disconnected.
[-[SimServiceContext initWithDeveloperDir:connectionType:error:]_block_invoke:486] ERROR : Could not get list of trusted mount directories: Error Domain=com.apple.CoreSimulator.SimError Code=410 "The service used to manage runtime disk images (simdiskimaged) crashed or is not responding" UserInfo={NSLocalizedDescription=The service used to manage runtime disk images (simdiskimaged) crashed or is not responding}
[-[SimServiceContext sendRequest:reply:error:]:1763] ERROR : Unable to deliver request ({
    request = "notification_subscription";
    "set_path" = "/Users/darius/Library/Developer/CoreSimulator/Devices";
}) because we are not connected to CoreSimulatorService.
2025-10-27 16:38:48.947 xcodebuild[16357:18196581] Error Domain=NSPOSIXErrorDomain Code=61 "Connection refused" UserInfo={NSLocalizedDescription=CoreSimulatorService connection became invalid.  Simulator services will no longer be available.}
[-[SimServiceContext sendRequest:reply:error:]:1763] ERROR : Unable to deliver request ({
    request = "notification_subscription";
    "set_path" = "/Users/darius/Library/Developer/CoreSimulator/Devices";
}) because we are not connected to CoreSimulatorService.
2025-10-27 16:38:48.949 xcodebuild[16357:18196581]  iOSSimulator: [SimServiceContext defaultDeviceSetWithError:] returned nil (Error Domain=NSPOSIXErrorDomain Code=61 "Connection refused" UserInfo={NSLocalizedFailureReason=Failed to subscribe to notifications from CoreSimulatorService., NSLocalizedDescription=Failed to initialize simulator device set., NSUnderlyingError=0x10ee80500 {Error Domain=NSPOSIXErrorDomain Code=61 "Connection refused" UserInfo={NSLocalizedDescription=CoreSimulatorService connection became invalid.  Simulator services will no longer be available.}}}). Simulator device support disabled.
2025-10-27 16:38:48.949 xcodebuild[16357:18196503] Error Domain=NSPOSIXErrorDomain Code=61 "Connection refused" UserInfo={NSLocalizedDescription=CoreSimulatorService connection became invalid.  Simulator services will no longer be available.}
2025-10-27 16:38:48.950 xcodebuild[16357:18196503]  IDESimulatorAvailability: startObservingSimulatorUpdates() FAILED to register SimDeviceSet observer
2025-10-27 16:38:49.120 xcodebuild[16357:18196587]  DVTProvisioningProfileManager: Failed to load profile "/Users/darius/Library/Developer/Xcode/UserData/Provisioning Profiles/86e7504c-ee1b-4422-87e7-91d823180425.mobileprovision" (Error Domain=DVTProvisioningProfileProviderErrorDomain Code=1 "Failed to load profile." UserInfo={NSLocalizedDescription=Failed to load profile., NSLocalizedRecoverySuggestion=Profile is missing the required UUID property.})
2025-10-27 16:38:49.120 xcodebuild[16357:18196581]  DVTProvisioningProfileManager: Failed to load profile "/Users/darius/Library/Developer/Xcode/UserData/Provisioning Profiles/7060e1ed-4ca2-4a51-a5e3-51c7d7c288f7.mobileprovision" (Error Domain=DVTProvisioningProfileProviderErrorDomain Code=1 "Failed to load profile." UserInfo={NSLocalizedDescription=Failed to load profile., NSLocalizedRecoverySuggestion=Profile is missing the required UUID property.})
2025-10-27 16:38:49.120 xcodebuild[16357:18196586]  DVTProvisioningProfileManager: Failed to load profile "/Users/darius/Library/Developer/Xcode/UserData/Provisioning Profiles/23696dd5-1421-4ff8-a43e-ec37bc0eba69.mobileprovision" (Error Domain=DVTProvisioningProfileProviderErrorDomain Code=1 "Failed to load profile." UserInfo={NSLocalizedDescription=Failed to load profile., NSLocalizedRecoverySuggestion=Profile is missing the required UUID property.})
2025-10-27 16:38:49.120 xcodebuild[16357:18196588]  DVTProvisioningProfileManager: Failed to load profile "/Users/darius/Library/Developer/Xcode/UserData/Provisioning Profiles/4d7b8fd8-d983-4872-a2bf-034bbd74c452.mobileprovision" (Error Domain=DVTProvisioningProfileProviderErrorDomain Code=1 "Failed to load profile." UserInfo={NSLocalizedDescription=Failed to load profile., NSLocalizedRecoverySuggestion=Profile is missing the required UUID property.})
2025-10-27 16:38:49.120 xcodebuild[16357:18196582]  DVTProvisioningProfileManager: Failed to load profile "/Users/darius/Library/Developer/Xcode/UserData/Provisioning Profiles/a827d618-a077-4f8e-bbd2-9d8056e0e513.mobileprovision" (Error Domain=DVTProvisioningProfileProviderErrorDomain Code=1 "Failed to load profile." UserInfo={NSLocalizedDescription=Failed to load profile., NSLocalizedRecoverySuggestion=Profile is missing the required UUID property.})
Resolve Package Graph
/Users/darius/Library/org.swift.swiftpm/configuration is not accessible or not writable, disabling user-level cache features./Users/darius/Library/org.swift.swiftpm/security is not accessible or not writable, disabling user-level cache features./Users/darius/Library/Caches/org.swift.swiftpm is not accessible or not writable, disabling user-level cache features.
Package: sentry-cocoa

Package: sparkle

Package: posthog-ios

Package: grdb.swift

2025-10-27 16:38:49.440 xcodebuild[16357:18196498] Writing error result bundle to /var/folders/b3/wl0bh9s13rggcfpj1frhyrrr0000gn/T/ResultBundle_2025-27-10_16-38-0049.xcresult
xcodebuild: error: Could not resolve package dependencies:
  <unknown>:0: warning: legacy driver is now deprecated; consider avoiding specifying '-disallow-use-new-driver'
<unknown>:0: error: unable to make temporary file: Operation not permitted
  <unknown>:0: warning: legacy driver is now deprecated; consider avoiding specifying '-disallow-use-new-driver'
<unknown>:0: error: unable to make temporary file: Operation not permitted
  <unknown>:0: warning: legacy driver is now deprecated; consider avoiding specifying '-disallow-use-new-driver'
<unknown>:0: error: unable to make temporary file: Operation not permitted
  <unknown>:0: warning: legacy driver is now deprecated; consider avoiding specifying '-disallow-use-new-driver'
<unknown>:0: error: unable to make temporary file: Operation not permitted

